Using pre-set license
Built from '2020.3/staging' branch; Version is '2020.3.48f1 (b805b124c6b7) revision 12060081'; Using compiler version '192528614'; Build Type 'Release'
OS: 'Windows 11  (10.0.22621) 64bit Professional' Language: 'ru' Physical Memory: 16085 MB
BatchMode: 1, IsHumanControllingUs: 0, StartBugReporterOnCrash: 0, Is64bit: 1, IsPro: 0

COMMAND LINE ARGUMENTS:
C:\Program Files\Unity\Hub\Editor\2020.3.48f1\Editor\Unity.exe
-adb2
-batchMode
-noUpm
-name
AssetImportWorker0
-projectPath
D:/Repositories/Asteroids
-logFile
Logs/AssetImportWorker0.log
-srvPort
53936
Successfully changed project path to: D:/Repositories/Asteroids
D:/Repositories/Asteroids
Using Asset Import Pipeline V2.
Player connection [25308] Host "[IP] 192.168.2.110 [Port] 3221442976 [Flags] 2 [Guid] 915966763 [EditorId] 915966763 [Version] 1048832 [Id] WindowsEditor(7,DESKTOP-DJKVNGE) [Debug] 1 [PackageName] WindowsEditor [ProjectName] Editor" joined multi-casting on [225.0.0.222:54997]...

Player connection [25308] Host "[IP] 192.168.2.110 [Port] 3221442976 [Flags] 2 [Guid] 915966763 [EditorId] 915966763 [Version] 1048832 [Id] WindowsEditor(7,DESKTOP-DJKVNGE) [Debug] 1 [PackageName] WindowsEditor [ProjectName] Editor" joined alternative multi-casting on [225.0.0.222:34997]...

Refreshing native plugins compatible for Editor in 20.61 ms, found 2 plugins.
Preloading 0 native plugins for Editor in 0.00 ms.
Initialize engine version: 2020.3.48f1 (b805b124c6b7)
[Subsystems] Discovering subsystems at path C:/Program Files/Unity/Hub/Editor/2020.3.48f1/Editor/Data/Resources/UnitySubsystems
[Subsystems] Discovering subsystems at path D:/Repositories/Asteroids/Assets
GfxDevice: creating device client; threaded=0
Direct3D:
    Version:  Direct3D 11.0 [level 11.1]
    Renderer: NVIDIA GeForce RTX 3060 Laptop GPU (ID=0x2520)
    Vendor:   
    VRAM:     6010 MB
    Driver:   31.0.15.4584
Initialize mono
Mono path[0] = 'C:/Program Files/Unity/Hub/Editor/2020.3.48f1/Editor/Data/Managed'
Mono path[1] = 'C:/Program Files/Unity/Hub/Editor/2020.3.48f1/Editor/Data/MonoBleedingEdge/lib/mono/unityjit'
Mono config path = 'C:/Program Files/Unity/Hub/Editor/2020.3.48f1/Editor/Data/MonoBleedingEdge/etc'
Using monoOptions --debugger-agent=transport=dt_socket,embedding=1,server=y,suspend=n,address=127.0.0.1:56976
Begin MonoManager ReloadAssembly
Registering precompiled unity dll's ...
Register platform support module: C:/Program Files/Unity/Hub/Editor/2020.3.48f1/Editor/Data/PlaybackEngines/WindowsStandaloneSupport/UnityEditor.WindowsStandalone.Extensions.dll
Registered in 0.001439 seconds.
Native extension for WindowsStandalone target not found
Refreshing native plugins compatible for Editor in 18.80 ms, found 2 plugins.
Preloading 0 native plugins for Editor in 0.00 ms.
Mono: successfully reloaded assembly
- Completed reload, in  0.418 seconds
Domain Reload Profiling:
	ReloadAssembly (418ms)
		BeginReloadAssembly (46ms)
			ExecutionOrderSort (0ms)
			DisableScriptedObjects (0ms)
			BackupInstance (0ms)
			ReleaseScriptingObjects (0ms)
			CreateAndSetChildDomain (1ms)
		EndReloadAssembly (320ms)
			LoadAssemblies (45ms)
			RebuildTransferFunctionScriptingTraits (0ms)
			SetupTypeCache (111ms)
			ReleaseScriptCaches (0ms)
			RebuildScriptCaches (27ms)
			SetupLoadedEditorAssemblies (114ms)
				LogAssemblyErrors (0ms)
				InitializePlatformSupportModulesInManaged (3ms)
				SetLoadedEditorAssemblies (0ms)
				RefreshPlugins (19ms)
				BeforeProcessingInitializeOnLoad (9ms)
				ProcessInitializeOnLoadAttributes (63ms)
				ProcessInitializeOnLoadMethodAttributes (19ms)
				AfterProcessingInitializeOnLoad (0ms)
				EditorAssembliesLoaded (0ms)
			ExecutionOrderSort2 (0ms)
			AwakeInstancesAfterBackupRestoration (0ms)
Platform modules already initialized, skipping
Registering precompiled user dll's ...
Registered in 0.001840 seconds.
Begin MonoManager ReloadAssembly
Native extension for WindowsStandalone target not found
Refreshing native plugins compatible for Editor in 0.24 ms, found 2 plugins.
Preloading 0 native plugins for Editor in 0.00 ms.
Mono: successfully reloaded assembly
- Completed reload, in  0.697 seconds
Domain Reload Profiling:
	ReloadAssembly (697ms)
		BeginReloadAssembly (104ms)
			ExecutionOrderSort (0ms)
			DisableScriptedObjects (3ms)
			BackupInstance (0ms)
			ReleaseScriptingObjects (0ms)
			CreateAndSetChildDomain (16ms)
		EndReloadAssembly (550ms)
			LoadAssemblies (66ms)
			RebuildTransferFunctionScriptingTraits (0ms)
			SetupTypeCache (183ms)
			ReleaseScriptCaches (0ms)
			RebuildScriptCaches (34ms)
			SetupLoadedEditorAssemblies (218ms)
				LogAssemblyErrors (0ms)
				InitializePlatformSupportModulesInManaged (3ms)
				SetLoadedEditorAssemblies (0ms)
				RefreshPlugins (0ms)
				BeforeProcessingInitializeOnLoad (60ms)
				ProcessInitializeOnLoadAttributes (144ms)
				ProcessInitializeOnLoadMethodAttributes (7ms)
				AfterProcessingInitializeOnLoad (4ms)
				EditorAssembliesLoaded (0ms)
			ExecutionOrderSort2 (0ms)
			AwakeInstancesAfterBackupRestoration (1ms)
Platform modules already initialized, skipping
========================================================================
Worker process is ready to serve import requests
Launched and connected shader compiler UnityShaderCompiler.exe after 0.03 seconds
Refreshing native plugins compatible for Editor in 0.24 ms, found 2 plugins.
Preloading 0 native plugins for Editor in 0.00 ms.
Unloading 1318 Unused Serialized files (Serialized files now loaded: 0)
System memory in use before: 63.4 MB.
System memory in use after: 42.7 MB.

Unloading 16 unused Assets to reduce memory usage. Loaded Objects now: 1756.
Total: 2.393900 ms (FindLiveObjects: 0.083800 ms CreateObjectMapping: 0.025900 ms MarkObjects: 2.235300 ms  DeleteObjects: 0.048500 ms)

AssetImportParameters requested are different than current active one (requested -> active):
  custom:framework-win-MediaFoundation: 216162199b28c13a410421893ffa2e32 -> 
  custom:video-decoder-ogg-theora: a1e56fd34408186e4bbccfd4996cb3dc -> 
  custom:container-muxer-webm: aa71ff27fc2769a1b78a27578f13a17b -> 
  custom:container-demuxer-webm: 4f35f7cbe854078d1ac9338744f61a02 -> 
  custom:container-demuxer-ogg: 62fdf1f143b41e24485cea50d1cbac27 -> 
  custom:video-encoder-webm-vp8: eb34c28f22e8b96e1ab97ce403110664 -> 
  custom:video-codec-MediaFoundation-h265: 746d11721c4dcdbdad8f713fa42b33f4 -> 
  custom:video-decoder-webm-vp8: 9c59270c3fd7afecdb556c50c9e8de78 -> 
  custom:audio-decoder-ogg-vorbis: bf7c407c2cedff20999df2af8eb42d56 -> 
  custom:audio-encoder-webm-vorbis: bf7c407c2cedff20999df2af8eb42d56 -> 
========================================================================
Received Import Request.
  path: Assets/1.png
  artifactKey: Guid(d3c4e32c4d94d524cbfbd7ad22ca4e74) Importer(815301076,1909f56bfc062723c751e8b465ee728b)
Start importing Assets/1.png using Guid(d3c4e32c4d94d524cbfbd7ad22ca4e74) Importer(815301076,1909f56bfc062723c751e8b465ee728b)  -> (artifact id: '3f1011b6b74bc012ee440c8409925643') in 0.072698 seconds 
========================================================================
Received Import Request.
  Time since last request: 10.398403 seconds.
  path: Assets/spaceship.png
  artifactKey: Guid(d3c4e32c4d94d524cbfbd7ad22ca4e74) Importer(815301076,1909f56bfc062723c751e8b465ee728b)
Start importing Assets/spaceship.png using Guid(d3c4e32c4d94d524cbfbd7ad22ca4e74) Importer(815301076,1909f56bfc062723c751e8b465ee728b)  -> (artifact id: '35a1cb149de899933f13243e8eef313b') in 0.014857 seconds 
========================================================================
Received Import Request.
  Time since last request: 48.822672 seconds.
  path: Assets/spaceship.png
  artifactKey: Guid(d3c4e32c4d94d524cbfbd7ad22ca4e74) Importer(815301076,1909f56bfc062723c751e8b465ee728b)
Start importing Assets/spaceship.png using Guid(d3c4e32c4d94d524cbfbd7ad22ca4e74) Importer(815301076,1909f56bfc062723c751e8b465ee728b)  -> (artifact id: '8825404e2364a5ea35b784d4b0055621') in 0.042546 seconds 
========================================================================
Received Import Request.
  Time since last request: 68.130338 seconds.
  path: Assets/Spaceship.prefab
  artifactKey: Guid(836100b6902428d47b2295d416bd9ca5) Importer(815301076,1909f56bfc062723c751e8b465ee728b)
Start importing Assets/Spaceship.prefab using Guid(836100b6902428d47b2295d416bd9ca5) Importer(815301076,1909f56bfc062723c751e8b465ee728b)  -> (artifact id: '7d889636f78ad43138c8b9ccaf03f487') in 0.018779 seconds 
========================================================================
Received Import Request.
  Time since last request: 12.592851 seconds.
  path: Assets/Spaceship.prefab
  artifactKey: Guid(836100b6902428d47b2295d416bd9ca5) Importer(815301076,1909f56bfc062723c751e8b465ee728b)
Start importing Assets/Spaceship.prefab using Guid(836100b6902428d47b2295d416bd9ca5) Importer(815301076,1909f56bfc062723c751e8b465ee728b)  -> (artifact id: '50037fd52f4ee3199726e3f3ed5e6c80') in 0.002917 seconds 
========================================================================
Received Prepare
Registering precompiled user dll's ...
Registered in 0.001557 seconds.
Begin MonoManager ReloadAssembly
Native extension for WindowsStandalone target not found
Refreshing native plugins compatible for Editor in 0.25 ms, found 2 plugins.
Preloading 0 native plugins for Editor in 0.00 ms.
Mono: successfully reloaded assembly
- Completed reload, in  0.651 seconds
Domain Reload Profiling:
	ReloadAssembly (651ms)
		BeginReloadAssembly (87ms)
			ExecutionOrderSort (0ms)
			DisableScriptedObjects (3ms)
			BackupInstance (0ms)
			ReleaseScriptingObjects (0ms)
			CreateAndSetChildDomain (28ms)
		EndReloadAssembly (522ms)
			LoadAssemblies (65ms)
			RebuildTransferFunctionScriptingTraits (0ms)
			SetupTypeCache (176ms)
			ReleaseScriptCaches (1ms)
			RebuildScriptCaches (31ms)
			SetupLoadedEditorAssemblies (201ms)
				LogAssemblyErrors (0ms)
				InitializePlatformSupportModulesInManaged (3ms)
				SetLoadedEditorAssemblies (0ms)
				RefreshPlugins (0ms)
				BeforeProcessingInitializeOnLoad (54ms)
				ProcessInitializeOnLoadAttributes (132ms)
				ProcessInitializeOnLoadMethodAttributes (6ms)
				AfterProcessingInitializeOnLoad (4ms)
				EditorAssembliesLoaded (0ms)
			ExecutionOrderSort2 (0ms)
			AwakeInstancesAfterBackupRestoration (2ms)
Platform modules already initialized, skipping
Refreshing native plugins compatible for Editor in 0.26 ms, found 2 plugins.
Preloading 0 native plugins for Editor in 0.00 ms.
Unloading 1312 Unused Serialized files (Serialized files now loaded: 0)
System memory in use before: 66.4 MB.
System memory in use after: 66.5 MB.

Unloading 11 unused Assets to reduce memory usage. Loaded Objects now: 1767.
Total: 1.784600 ms (FindLiveObjects: 0.082700 ms CreateObjectMapping: 0.020900 ms MarkObjects: 1.664900 ms  DeleteObjects: 0.015400 ms)

AssetImportParameters requested are different than current active one (requested -> active):
  custom:framework-win-MediaFoundation: 216162199b28c13a410421893ffa2e32 -> 
  custom:video-decoder-ogg-theora: a1e56fd34408186e4bbccfd4996cb3dc -> 
  custom:container-muxer-webm: aa71ff27fc2769a1b78a27578f13a17b -> 
  custom:container-demuxer-webm: 4f35f7cbe854078d1ac9338744f61a02 -> 
  custom:container-demuxer-ogg: 62fdf1f143b41e24485cea50d1cbac27 -> 
  custom:video-encoder-webm-vp8: eb34c28f22e8b96e1ab97ce403110664 -> 
  custom:video-codec-MediaFoundation-h265: 746d11721c4dcdbdad8f713fa42b33f4 -> 
  custom:video-decoder-webm-vp8: 9c59270c3fd7afecdb556c50c9e8de78 -> 
  custom:audio-decoder-ogg-vorbis: bf7c407c2cedff20999df2af8eb42d56 -> 
  custom:audio-encoder-webm-vorbis: bf7c407c2cedff20999df2af8eb42d56 -> 
========================================================================
Received Import Request.
  Time since last request: 693.796440 seconds.
  path: Assets/meteorito.png
  artifactKey: Guid(12b8a29b12bd85746ae5be22177b91fe) Importer(815301076,1909f56bfc062723c751e8b465ee728b)
Start importing Assets/meteorito.png using Guid(12b8a29b12bd85746ae5be22177b91fe) Importer(815301076,1909f56bfc062723c751e8b465ee728b)  -> (artifact id: 'bcf1c4dac4840d8e473105127704f9d3') in 0.033248 seconds 
========================================================================
Received Import Request.
  Time since last request: 14.887001 seconds.
  path: Assets/asteroid.png
  artifactKey: Guid(12b8a29b12bd85746ae5be22177b91fe) Importer(815301076,1909f56bfc062723c751e8b465ee728b)
Start importing Assets/asteroid.png using Guid(12b8a29b12bd85746ae5be22177b91fe) Importer(815301076,1909f56bfc062723c751e8b465ee728b)  -> (artifact id: '7c5e154e888cc418dd47336b17f86ffb') in 0.041038 seconds 
========================================================================
Received Import Request.
  Time since last request: 39.563500 seconds.
  path: Assets/asteroid.prefab
  artifactKey: Guid(c482d3c7777b7844680d0986520fafd2) Importer(815301076,1909f56bfc062723c751e8b465ee728b)
Start importing Assets/asteroid.prefab using Guid(c482d3c7777b7844680d0986520fafd2) Importer(815301076,1909f56bfc062723c751e8b465ee728b)  -> (artifact id: '26e31479578a14e144bfea1c7c25bd47') in 0.034306 seconds 
========================================================================
Received Import Request.
  Time since last request: 4.528149 seconds.
  path: Assets
  artifactKey: Guid(00000000000000001000000000000000) Importer(815301076,1909f56bfc062723c751e8b465ee728b)
Start importing Assets using Guid(00000000000000001000000000000000) Importer(815301076,1909f56bfc062723c751e8b465ee728b)  -> (artifact id: '42d402b061de3733987d63b9cc3b64de') in 0.006512 seconds 
========================================================================
Received Import Request.
  Time since last request: 4.279937 seconds.
  path: Assets/Prefabs
  artifactKey: Guid(e5a9595f6df1acd45a490ccda331a78f) Importer(815301076,1909f56bfc062723c751e8b465ee728b)
Start importing Assets/Prefabs using Guid(e5a9595f6df1acd45a490ccda331a78f) Importer(815301076,1909f56bfc062723c751e8b465ee728b)  -> (artifact id: '5c65db14a5df956d94591b49a41ff367') in 0.006331 seconds 
========================================================================
Received Import Request.
  Time since last request: 72.228426 seconds.
  path: Assets/Prefabs/Asteroid.prefab
  artifactKey: Guid(c482d3c7777b7844680d0986520fafd2) Importer(815301076,1909f56bfc062723c751e8b465ee728b)
Start importing Assets/Prefabs/Asteroid.prefab using Guid(c482d3c7777b7844680d0986520fafd2) Importer(815301076,1909f56bfc062723c751e8b465ee728b)  -> (artifact id: '9a08837f0562a4b1d4c70074d13bb4c3') in 0.016296 seconds 
