Using pre-set license
Built from '2020.3/staging' branch; Version is '2020.3.48f1 (b805b124c6b7) revision 12060081'; Using compiler version '192528614'; Build Type 'Release'
OS: 'Windows 11  (10.0.22621) 64bit Professional' Language: 'ru' Physical Memory: 16085 MB
BatchMode: 1, IsHumanControllingUs: 0, StartBugReporterOnCrash: 0, Is64bit: 1, IsPro: 0

COMMAND LINE ARGUMENTS:
C:\Program Files\Unity\Hub\Editor\2020.3.48f1\Editor\Unity.exe
-adb2
-batchMode
-noUpm
-name
AssetImportWorker0
-projectPath
D:/Repositories/Asteroids
-logFile
Logs/AssetImportWorker0.log
-srvPort
55494
Successfully changed project path to: D:/Repositories/Asteroids
D:/Repositories/Asteroids
Using Asset Import Pipeline V2.
Player connection [16056] Host "[IP] 192.168.2.110 [Port] 1073959264 [Flags] 2 [Guid] 915404076 [EditorId] 915404076 [Version] 1048832 [Id] WindowsEditor(7,DESKTOP-DJKVNGE) [Debug] 1 [PackageName] WindowsEditor [ProjectName] Editor" joined multi-casting on [225.0.0.222:54997]...

Player connection [16056] Host "[IP] 192.168.2.110 [Port] 1073959264 [Flags] 2 [Guid] 915404076 [EditorId] 915404076 [Version] 1048832 [Id] WindowsEditor(7,DESKTOP-DJKVNGE) [Debug] 1 [PackageName] WindowsEditor [ProjectName] Editor" joined alternative multi-casting on [225.0.0.222:34997]...

Refreshing native plugins compatible for Editor in 38.12 ms, found 2 plugins.
Preloading 0 native plugins for Editor in 0.00 ms.
Initialize engine version: 2020.3.48f1 (b805b124c6b7)
[Subsystems] Discovering subsystems at path C:/Program Files/Unity/Hub/Editor/2020.3.48f1/Editor/Data/Resources/UnitySubsystems
[Subsystems] Discovering subsystems at path D:/Repositories/Asteroids/Assets
GfxDevice: creating device client; threaded=0
Direct3D:
    Version:  Direct3D 11.0 [level 11.1]
    Renderer: NVIDIA GeForce RTX 3060 Laptop GPU (ID=0x2520)
    Vendor:   
    VRAM:     6010 MB
    Driver:   31.0.15.4584
Initialize mono
Mono path[0] = 'C:/Program Files/Unity/Hub/Editor/2020.3.48f1/Editor/Data/Managed'
Mono path[1] = 'C:/Program Files/Unity/Hub/Editor/2020.3.48f1/Editor/Data/MonoBleedingEdge/lib/mono/unityjit'
Mono config path = 'C:/Program Files/Unity/Hub/Editor/2020.3.48f1/Editor/Data/MonoBleedingEdge/etc'
Using monoOptions --debugger-agent=transport=dt_socket,embedding=1,server=y,suspend=n,address=127.0.0.1:56996
Begin MonoManager ReloadAssembly
Registering precompiled unity dll's ...
Register platform support module: C:/Program Files/Unity/Hub/Editor/2020.3.48f1/Editor/Data/PlaybackEngines/WindowsStandaloneSupport/UnityEditor.WindowsStandalone.Extensions.dll
Registered in 0.001124 seconds.
Native extension for WindowsStandalone target not found
Refreshing native plugins compatible for Editor in 19.73 ms, found 2 plugins.
Preloading 0 native plugins for Editor in 0.00 ms.
Mono: successfully reloaded assembly
- Completed reload, in  0.443 seconds
Domain Reload Profiling:
	ReloadAssembly (443ms)
		BeginReloadAssembly (46ms)
			ExecutionOrderSort (0ms)
			DisableScriptedObjects (0ms)
			BackupInstance (0ms)
			ReleaseScriptingObjects (0ms)
			CreateAndSetChildDomain (1ms)
		EndReloadAssembly (343ms)
			LoadAssemblies (44ms)
			RebuildTransferFunctionScriptingTraits (0ms)
			SetupTypeCache (123ms)
			ReleaseScriptCaches (0ms)
			RebuildScriptCaches (28ms)
			SetupLoadedEditorAssemblies (119ms)
				LogAssemblyErrors (0ms)
				InitializePlatformSupportModulesInManaged (4ms)
				SetLoadedEditorAssemblies (0ms)
				RefreshPlugins (20ms)
				BeforeProcessingInitializeOnLoad (11ms)
				ProcessInitializeOnLoadAttributes (63ms)
				ProcessInitializeOnLoadMethodAttributes (21ms)
				AfterProcessingInitializeOnLoad (0ms)
				EditorAssembliesLoaded (0ms)
			ExecutionOrderSort2 (0ms)
			AwakeInstancesAfterBackupRestoration (0ms)
Platform modules already initialized, skipping
Registering precompiled user dll's ...
Registered in 0.001492 seconds.
Begin MonoManager ReloadAssembly
Native extension for WindowsStandalone target not found
Refreshing native plugins compatible for Editor in 0.25 ms, found 2 plugins.
Preloading 0 native plugins for Editor in 0.00 ms.
Mono: successfully reloaded assembly
- Completed reload, in  0.722 seconds
Domain Reload Profiling:
	ReloadAssembly (723ms)
		BeginReloadAssembly (103ms)
			ExecutionOrderSort (0ms)
			DisableScriptedObjects (4ms)
			BackupInstance (0ms)
			ReleaseScriptingObjects (0ms)
			CreateAndSetChildDomain (15ms)
		EndReloadAssembly (574ms)
			LoadAssemblies (65ms)
			RebuildTransferFunctionScriptingTraits (0ms)
			SetupTypeCache (197ms)
			ReleaseScriptCaches (0ms)
			RebuildScriptCaches (34ms)
			SetupLoadedEditorAssemblies (223ms)
				LogAssemblyErrors (0ms)
				InitializePlatformSupportModulesInManaged (4ms)
				SetLoadedEditorAssemblies (0ms)
				RefreshPlugins (0ms)
				BeforeProcessingInitializeOnLoad (60ms)
				ProcessInitializeOnLoadAttributes (147ms)
				ProcessInitializeOnLoadMethodAttributes (7ms)
				AfterProcessingInitializeOnLoad (4ms)
				EditorAssembliesLoaded (0ms)
			ExecutionOrderSort2 (0ms)
			AwakeInstancesAfterBackupRestoration (1ms)
Platform modules already initialized, skipping
========================================================================
Worker process is ready to serve import requests
Launched and connected shader compiler UnityShaderCompiler.exe after 0.03 seconds
Refreshing native plugins compatible for Editor in 0.26 ms, found 2 plugins.
Preloading 0 native plugins for Editor in 0.00 ms.
Unloading 1318 Unused Serialized files (Serialized files now loaded: 0)
System memory in use before: 63.4 MB.
System memory in use after: 42.8 MB.

Unloading 16 unused Assets to reduce memory usage. Loaded Objects now: 1756.
Total: 2.614700 ms (FindLiveObjects: 0.087200 ms CreateObjectMapping: 0.023100 ms MarkObjects: 2.444200 ms  DeleteObjects: 0.059200 ms)

AssetImportParameters requested are different than current active one (requested -> active):
  custom:framework-win-MediaFoundation: 216162199b28c13a410421893ffa2e32 -> 
  custom:video-decoder-ogg-theora: a1e56fd34408186e4bbccfd4996cb3dc -> 
  custom:container-muxer-webm: aa71ff27fc2769a1b78a27578f13a17b -> 
  custom:container-demuxer-webm: 4f35f7cbe854078d1ac9338744f61a02 -> 
  custom:container-demuxer-ogg: 62fdf1f143b41e24485cea50d1cbac27 -> 
  custom:video-encoder-webm-vp8: eb34c28f22e8b96e1ab97ce403110664 -> 
  custom:video-codec-MediaFoundation-h265: 746d11721c4dcdbdad8f713fa42b33f4 -> 
  custom:video-decoder-webm-vp8: 9c59270c3fd7afecdb556c50c9e8de78 -> 
  custom:audio-decoder-ogg-vorbis: bf7c407c2cedff20999df2af8eb42d56 -> 
  custom:audio-encoder-webm-vorbis: bf7c407c2cedff20999df2af8eb42d56 -> 
========================================================================
Received Import Request.
  path: Assets/Prefabs/Spaceship.prefab
  artifactKey: Guid(836100b6902428d47b2295d416bd9ca5) Importer(815301076,1909f56bfc062723c751e8b465ee728b)
Start importing Assets/Prefabs/Spaceship.prefab using Guid(836100b6902428d47b2295d416bd9ca5) Importer(815301076,1909f56bfc062723c751e8b465ee728b)  -> (artifact id: '0154e19be1babd7b013b5a583031a57a') in 0.091702 seconds 
========================================================================
Received Import Request.
  Time since last request: 1.745281 seconds.
  path: Assets/Prefabs/Asteroid.prefab
  artifactKey: Guid(c482d3c7777b7844680d0986520fafd2) Importer(815301076,1909f56bfc062723c751e8b465ee728b)
Start importing Assets/Prefabs/Asteroid.prefab using Guid(c482d3c7777b7844680d0986520fafd2) Importer(815301076,1909f56bfc062723c751e8b465ee728b)  -> (artifact id: '5b01bafa99b525fc88664fb65f9ec9f8') in 0.013391 seconds 
========================================================================
Received Import Request.
  Time since last request: 141.783434 seconds.
  path: Assets/Prefabs/asteroid.prefab
  artifactKey: Guid(c482d3c7777b7844680d0986520fafd2) Importer(815301076,1909f56bfc062723c751e8b465ee728b)
Start importing Assets/Prefabs/asteroid.prefab using Guid(c482d3c7777b7844680d0986520fafd2) Importer(815301076,1909f56bfc062723c751e8b465ee728b)  -> (artifact id: 'c5b65756d6bc5fcb96b0ae8e95c8d45d') in 0.011158 seconds 
========================================================================
Received Import Request.
  Time since last request: 2.702594 seconds.
  path: Assets/Prefabs/spaceship.prefab
  artifactKey: Guid(836100b6902428d47b2295d416bd9ca5) Importer(815301076,1909f56bfc062723c751e8b465ee728b)
Start importing Assets/Prefabs/spaceship.prefab using Guid(836100b6902428d47b2295d416bd9ca5) Importer(815301076,1909f56bfc062723c751e8b465ee728b)  -> (artifact id: '183a457876bdac23229582c2f5951304') in 0.012441 seconds 
========================================================================
Received Import Request.
  Time since last request: 28.474568 seconds.
  path: Assets/Prefabs/Asteroid.prefab
  artifactKey: Guid(c482d3c7777b7844680d0986520fafd2) Importer(815301076,1909f56bfc062723c751e8b465ee728b)
Start importing Assets/Prefabs/Asteroid.prefab using Guid(c482d3c7777b7844680d0986520fafd2) Importer(815301076,1909f56bfc062723c751e8b465ee728b)  -> (artifact id: '563d53f51421279921580ea06eef6f0c') in 0.007560 seconds 
========================================================================
Received Import Request.
  Time since last request: 5.974669 seconds.
  path: Assets/Prefabs/Spaceship.prefab
  artifactKey: Guid(836100b6902428d47b2295d416bd9ca5) Importer(815301076,1909f56bfc062723c751e8b465ee728b)
Start importing Assets/Prefabs/Spaceship.prefab using Guid(836100b6902428d47b2295d416bd9ca5) Importer(815301076,1909f56bfc062723c751e8b465ee728b)  -> (artifact id: 'fbc59beab0d8cba9f1362ef3ccf4d5ed') in 0.006938 seconds 
========================================================================
Received Import Request.
  Time since last request: 16.050311 seconds.
  path: Assets/Spaceship.png
  artifactKey: Guid(d3c4e32c4d94d524cbfbd7ad22ca4e74) Importer(815301076,1909f56bfc062723c751e8b465ee728b)
Start importing Assets/Spaceship.png using Guid(d3c4e32c4d94d524cbfbd7ad22ca4e74) Importer(815301076,1909f56bfc062723c751e8b465ee728b)  -> (artifact id: 'c14038bd4a65fef0a4b5251fe3d5cb29') in 0.061433 seconds 
========================================================================
Received Import Request.
  Time since last request: 3.062677 seconds.
  path: Assets/Asteroid.png
  artifactKey: Guid(12b8a29b12bd85746ae5be22177b91fe) Importer(815301076,1909f56bfc062723c751e8b465ee728b)
Start importing Assets/Asteroid.png using Guid(12b8a29b12bd85746ae5be22177b91fe) Importer(815301076,1909f56bfc062723c751e8b465ee728b)  -> (artifact id: 'd3ae0eade8e3b865a1b593ef2bc7aa87') in 0.014177 seconds 
========================================================================
Received Import Request.
  Time since last request: 414.503248 seconds.
  path: Assets/Star.png
  artifactKey: Guid(ace4caafdc1305541b3a4bc649c9bbd8) Importer(815301076,1909f56bfc062723c751e8b465ee728b)
Start importing Assets/Star.png using Guid(ace4caafdc1305541b3a4bc649c9bbd8) Importer(815301076,1909f56bfc062723c751e8b465ee728b)  -> (artifact id: '4f427187d033f6841aa703c7635c7b72') in 0.010797 seconds 
========================================================================
Received Import Request.
  Time since last request: 8.781241 seconds.
  path: Assets/bg.png
  artifactKey: Guid(e9233873b4d89d840bd22dd2530216ee) Importer(815301076,1909f56bfc062723c751e8b465ee728b)
Start importing Assets/bg.png using Guid(e9233873b4d89d840bd22dd2530216ee) Importer(815301076,1909f56bfc062723c751e8b465ee728b)  -> (artifact id: '0237592e8bda1ad5111457090ad103bd') in 0.010733 seconds 
========================================================================
Received Import Request.
  Time since last request: 4.610195 seconds.
  path: Assets/bg.png
  artifactKey: Guid(e9233873b4d89d840bd22dd2530216ee) Importer(815301076,1909f56bfc062723c751e8b465ee728b)
Start importing Assets/bg.png using Guid(e9233873b4d89d840bd22dd2530216ee) Importer(815301076,1909f56bfc062723c751e8b465ee728b)  -> (artifact id: '222fdfa2b71511cadd7b3d0ff5cb9ed0') in 0.012246 seconds 
========================================================================
Received Import Request.
  Time since last request: 813.153937 seconds.
  path: Assets/StarShip.png
  artifactKey: Guid(5d3be52c20c47184f86ad92254c86cb2) Importer(815301076,1909f56bfc062723c751e8b465ee728b)
Start importing Assets/StarShip.png using Guid(5d3be52c20c47184f86ad92254c86cb2) Importer(815301076,1909f56bfc062723c751e8b465ee728b)  -> (artifact id: '5f37043c0a84907eac6f1166a971c4a5') in 0.010253 seconds 
========================================================================
Received Import Request.
  Time since last request: 12.230485 seconds.
  path: Assets/Asteroid.png
  artifactKey: Guid(12b8a29b12bd85746ae5be22177b91fe) Importer(815301076,1909f56bfc062723c751e8b465ee728b)
Start importing Assets/Asteroid.png using Guid(12b8a29b12bd85746ae5be22177b91fe) Importer(815301076,1909f56bfc062723c751e8b465ee728b)  -> (artifact id: 'd6c9bb6ceb7effcacf89ee7d681c122f') in 0.013655 seconds 
========================================================================
Received Import Request.
  Time since last request: 0.000150 seconds.
  path: Assets/Star.png
  artifactKey: Guid(ace4caafdc1305541b3a4bc649c9bbd8) Importer(815301076,1909f56bfc062723c751e8b465ee728b)
Start importing Assets/Star.png using Guid(ace4caafdc1305541b3a4bc649c9bbd8) Importer(815301076,1909f56bfc062723c751e8b465ee728b)  -> (artifact id: 'd79694fe5dbb5df953ff7360663ae250') in 0.024476 seconds 
========================================================================
Received Import Request.
  Time since last request: 7.085697 seconds.
  path: Assets/StarShip.png
  artifactKey: Guid(5d3be52c20c47184f86ad92254c86cb2) Importer(815301076,1909f56bfc062723c751e8b465ee728b)
Start importing Assets/StarShip.png using Guid(5d3be52c20c47184f86ad92254c86cb2) Importer(815301076,1909f56bfc062723c751e8b465ee728b)  -> (artifact id: '53fa83f12631a47b4c08a3cc8042b320') in 0.012290 seconds 
AssetImportWorkerClient::OnTransportError - code=2 error=End of file
